构建项目...
warning[E0133]: call to unsafe function `foreign::PortalText::copy_to` is unsafe and requires unsafe block
  --> /code/Finish/tg-rcore-tutorial-kernel-context/src/foreign/multislot_portal.rs:51:9
   |
51 |         PORTAL_TEXT.copy_to(transit + sizeof!(Self));
   |         ^^^^^^^^^^^^^^^^^^^^^^^^^^^^^^^^^^^^^^^^^^^^ call to unsafe function
   |
   = note: for more information, see <https://doc.rust-lang.org/edition-guide/rust-2024/unsafe-op-in-unsafe-fn.html>
   = note: consult the function's documentation for information on how to avoid undefined behavior
note: an unsafe function restricts its caller, but its body is safe by default
  --> /code/Finish/tg-rcore-tutorial-kernel-context/src/foreign/multislot_portal.rs:45:5
   |
45 |     pub unsafe fn init_transit(transit: usize, slots: usize) -> &'static mut Self {
   |     ^^^^^^^^^^^^^^^^^^^^^^^^^^^^^^^^^^^^^^^^^^^^^^^^^^^^^^^^^^^^^^^^^^^^^^^^^^^^^
   = note: `#[warn(unsafe_op_in_unsafe_fn)]` (part of `#[warn(rust_2024_compatibility)]`) on by default

warning[E0133]: dereference of raw pointer is unsafe and requires unsafe block
  --> /code/Finish/tg-rcore-tutorial-kernel-context/src/foreign/multislot_portal.rs:54:24
   |
54 |         let ans = &mut *(transit as *mut Self);
   |                        ^^^^^^^^^^^^^^^^^^^^^^^ dereference of raw pointer
   |
   = note: for more information, see <https://doc.rust-lang.org/edition-guide/rust-2024/unsafe-op-in-unsafe-fn.html>
   = note: raw pointers may be null, dangling or unaligned; they can violate aliasing rules and cause data races: all of these are undefined behavior

warning[E0133]: dereference of raw pointer is unsafe and requires unsafe block
  --> /code/Finish/tg-rcore-tutorial-kernel-context/src/foreign/mod.rs:89:14
   |
89 |         &mut *((self.transit_address() + self.cache_offset(key.index())) as *mut _)
   |              ^^^^^^^^^^^^^^^^^^^^^^^^^^^^^^^^^^^^^^^^^^^^^^^^^^^^^^^^^^^^^^^^^^^^^^ dereference of raw pointer
   |
   = note: for more information, see <https://doc.rust-lang.org/edition-guide/rust-2024/unsafe-op-in-unsafe-fn.html>
   = note: raw pointers may be null, dangling or unaligned; they can violate aliasing rules and cause data races: all of these are undefined behavior
note: an unsafe function restricts its caller, but its body is safe by default
  --> /code/Finish/tg-rcore-tutorial-kernel-context/src/foreign/mod.rs:86:5
   |
86 |     unsafe fn transit_cache(&mut self, key: impl SlotKey) -> &mut PortalCache {
   |     ^^^^^^^^^^^^^^^^^^^^^^^^^^^^^^^^^^^^^^^^^^^^^^^^^^^^^^^^^^^^^^^^^^^^^^^^^

warning[E0133]: call to unsafe function `foreign::ForeignPortal::transit_entry` is unsafe and requires unsafe block
   --> /code/Finish/tg-rcore-tutorial-kernel-context/src/foreign/mod.rs:125:21
    |
125 |         let entry = portal.transit_entry();
    |                     ^^^^^^^^^^^^^^^^^^^^^^ call to unsafe function
    |
    = note: for more information, see <https://doc.rust-lang.org/edition-guide/rust-2024/unsafe-op-in-unsafe-fn.html>
    = note: consult the function's documentation for information on how to avoid undefined behavior
note: an unsafe function restricts its caller, but its body is safe by default
   --> /code/Finish/tg-rcore-tutorial-kernel-context/src/foreign/mod.rs:113:5
    |
113 |     pub unsafe fn execute(&mut self, portal: &mut impl ForeignPortal, key: impl SlotKey) -> usize {
    |     ^^^^^^^^^^^^^^^^^^^^^^^^^^^^^^^^^^^^^^^^^^^^^^^^^^^^^^^^^^^^^^^^^^^^^^^^^^^^^^^^^^^^^^^^^^^^^

warning[E0133]: call to unsafe function `foreign::ForeignPortal::transit_cache` is unsafe and requires unsafe block
   --> /code/Finish/tg-rcore-tutorial-kernel-context/src/foreign/mod.rs:126:21
    |
126 |         let cache = portal.transit_cache(key);
    |                     ^^^^^^^^^^^^^^^^^^^^^^^^^ call to unsafe function
    |
    = note: for more information, see <https://doc.rust-lang.org/edition-guide/rust-2024/unsafe-op-in-unsafe-fn.html>
    = note: consult the function's documentation for information on how to avoid undefined behavior

warning[E0133]: call to unsafe function `LocalContext::execute` is unsafe and requires unsafe block
   --> /code/Finish/tg-rcore-tutorial-kernel-context/src/foreign/mod.rs:138:23
    |
138 |         let sstatus = self.context.execute();
    |                       ^^^^^^^^^^^^^^^^^^^^^^ call to unsafe function
    |
    = note: for more information, see <https://doc.rust-lang.org/edition-guide/rust-2024/unsafe-op-in-unsafe-fn.html>
    = note: consult the function's documentation for information on how to avoid undefined behavior

warning[E0133]: call to unsafe function `core::ptr::mut_ptr::<impl *mut T>::copy_from_nonoverlapping` is unsafe and requires unsafe block
   --> /code/Finish/tg-rcore-tutorial-kernel-context/src/foreign/mod.rs:231:9
    |
231 |         (address as *mut u16).copy_from_nonoverlapping(self.0.as_ptr(), self.0.len());
    |         ^^^^^^^^^^^^^^^^^^^^^^^^^^^^^^^^^^^^^^^^^^^^^^^^^^^^^^^^^^^^^^^^^^^^^^^^^^^^^ call to unsafe function
    |
    = note: for more information, see <https://doc.rust-lang.org/edition-guide/rust-2024/unsafe-op-in-unsafe-fn.html>
    = note: consult the function's documentation for information on how to avoid undefined behavior
note: an unsafe function restricts its caller, but its body is safe by default
   --> /code/Finish/tg-rcore-tutorial-kernel-context/src/foreign/mod.rs:229:5
    |
229 |     pub unsafe fn copy_to(&self, address: usize) {
    |     ^^^^^^^^^^^^^^^^^^^^^^^^^^^^^^^^^^^^^^^^^^^^

warning[E0133]: use of inline assembly is unsafe and requires unsafe block
   --> /code/Finish/tg-rcore-tutorial-kernel-context/src/lib.rs:157:13
    |
157 | /             core::arch::asm!(
158 | |                 "   csrrw {old_ss}, sscratch, {ctx}
159 | |                     csrw  sepc    , {sepc}
160 | |                     csrw  sstatus , {sstatus}
...   |
174 | |                 execute_naked = sym execute_naked,
175 | |             );
    | |_____________^ use of inline assembly
    |
    = note: for more information, see <https://doc.rust-lang.org/edition-guide/rust-2024/unsafe-op-in-unsafe-fn.html>
    = note: inline assembly is entirely unchecked and can cause undefined behavior
note: an unsafe function restricts its caller, but its body is safe by default
   --> /code/Finish/tg-rcore-tutorial-kernel-context/src/lib.rs:146:5
    |
146 |     pub unsafe fn execute(&mut self) -> usize {
    |     ^^^^^^^^^^^^^^^^^^^^^^^^^^^^^^^^^^^^^^^^^

warning[E0133]: dereference of raw pointer is unsafe and requires unsafe block
   --> /code/Finish/tg-rcore-tutorial-kernel-context/src/lib.rs:178:13
    |
178 |             (*ctx_ptr).sepc = sepc;
    |             ^^^^^^^^^^ dereference of raw pointer
    |
    = note: for more information, see <https://doc.rust-lang.org/edition-guide/rust-2024/unsafe-op-in-unsafe-fn.html>
    = note: raw pointers may be null, dangling or unaligned; they can violate aliasing rules and cause data races: all of these are undefined behavior

For more information about this error, try `rustc --explain E0133`.
warning[E0133]: call to unsafe function `customizable_buddy::BuddyAllocator::<N, O, B>::transfer` is unsafe and requires unsafe block
  --> /code/Finish/tg-rcore-tutorial-kernel-alloc/src/lib.rs:89:5
   |
89 |     heap_mut().transfer(ptr, region.len());
   |     ^^^^^^^^^^^^^^^^^^^^^^^^^^^^^^^^^^^^^^ call to unsafe function
   |
   = note: for more information, see <https://doc.rust-lang.org/edition-guide/rust-2024/unsafe-op-in-unsafe-fn.html>
   = note: consult the function's documentation for information on how to avoid undefined behavior
note: an unsafe function restricts its caller, but its body is safe by default
  --> /code/Finish/tg-rcore-tutorial-kernel-alloc/src/lib.rs:85:1
   |
85 | pub unsafe fn transfer(region: &'static mut [u8]) {
   | ^^^^^^^^^^^^^^^^^^^^^^^^^^^^^^^^^^^^^^^^^^^^^^^^^
   = note: `#[warn(unsafe_op_in_unsafe_fn)]` (part of `#[warn(rust_2024_compatibility)]`) on by default

warning[E0133]: call to unsafe function `customizable_buddy::BuddyAllocator::<N, O, B>::deallocate_layout` is unsafe and requires unsafe block
   --> /code/Finish/tg-rcore-tutorial-kernel-alloc/src/lib.rs:137:9
    |
137 |         heap_mut().deallocate_layout(NonNull::new(ptr).unwrap(), layout)
    |         ^^^^^^^^^^^^^^^^^^^^^^^^^^^^^^^^^^^^^^^^^^^^^^^^^^^^^^^^^^^^^^^^ call to unsafe function
    |
    = note: for more information, see <https://doc.rust-lang.org/edition-guide/rust-2024/unsafe-op-in-unsafe-fn.html>
    = note: consult the function's documentation for information on how to avoid undefined behavior
note: an unsafe function restricts its caller, but its body is safe by default
   --> /code/Finish/tg-rcore-tutorial-kernel-alloc/src/lib.rs:134:5
    |
134 |     unsafe fn dealloc(&self, ptr: *mut u8, layout: Layout) {
    |     ^^^^^^^^^^^^^^^^^^^^^^^^^^^^^^^^^^^^^^^^^^^^^^^^^^^^^^

warning: `tg-rcore-tutorial-kernel-context` (lib) generated 9 warnings (run `cargo fix --lib -p tg-rcore-tutorial-kernel-context` to apply 5 suggestions)
warning: `tg-rcore-tutorial-kernel-alloc` (lib) generated 2 warnings (run `cargo fix --lib -p tg-rcore-tutorial-kernel-alloc` to apply 2 suggestions)
   Compiling tg-rcore-tutorial-ch8 v0.4.8 (/code/Finish/tg-rcore-tutorial-ch8)
    Finished `dev` profile [unoptimized + debuginfo] target(s) in 54.50s
运行实验...
