   Compiling proc-macro2 v1.0.106
   Compiling unicode-ident v1.0.24
   Compiling quote v1.0.45
   Compiling scopeguard v1.2.0
   Compiling serde_core v1.0.228
   Compiling serde v1.0.228
   Compiling equivalent v1.0.2
   Compiling hashbrown v0.16.1
   Compiling numeric-enum-macro v0.2.0
   Compiling nb v1.1.0
   Compiling toml_write v0.1.2
   Compiling winnow v0.7.15
   Compiling bitflags v1.3.2
   Compiling riscv v0.10.1
   Compiling log v0.4.29
   Compiling lock_api v0.4.14
   Compiling nb v0.1.3
   Compiling tg-rcore-tutorial-signal-defs v0.4.8 (/code/new/tg-rcore-tutorial-signal-defs)
   Compiling static_assertions v1.1.0
   Compiling void v1.0.2
   Compiling cfg-if v1.0.4
   Compiling embedded-hal v0.2.7
   Compiling tg-rcore-tutorial-syscall v0.4.8 (/code/new/tg-rcore-tutorial-syscall)
   Compiling bit_field v0.10.3
   Compiling critical-section v1.2.0
   Compiling spin v0.9.8
   Compiling page-table v0.0.6
   Compiling tg-rcore-tutorial-linker v0.4.8 (/code/new/tg-rcore-tutorial-linker)
   Compiling tg-rcore-tutorial-task-manage v0.4.8 (/code/new/tg-rcore-tutorial-task-manage)
   Compiling indexmap v2.13.0
   Compiling zero v0.1.3
   Compiling tg-rcore-tutorial-kernel-context v0.4.8 (/code/new/tg-rcore-tutorial-kernel-context)
   Compiling tg-rcore-tutorial-easy-fs v0.4.8 (/code/new/tg-rcore-tutorial-easy-fs)
   Compiling customizable-buddy v0.0.3
   Compiling tg-rcore-tutorial-kernel-vm v0.4.8 (/code/new/tg-rcore-tutorial-kernel-vm)
   Compiling xmas-elf v0.8.0
warning[E0133]: call to unsafe function `foreign::PortalText::copy_to` is unsafe and requires unsafe block
  --> /code/new/tg-rcore-tutorial-kernel-context/src/foreign/multislot_portal.rs:51:9
   |
51 |         PORTAL_TEXT.copy_to(transit + sizeof!(Self));
   |         ^^^^^^^^^^^^^^^^^^^^^^^^^^^^^^^^^^^^^^^^^^^^ call to unsafe function
   |
   = note: for more information, see <https://doc.rust-lang.org/edition-guide/rust-2024/unsafe-op-in-unsafe-fn.html>
   = note: consult the function's documentation for information on how to avoid undefined behavior
note: an unsafe function restricts its caller, but its body is safe by default
  --> /code/new/tg-rcore-tutorial-kernel-context/src/foreign/multislot_portal.rs:45:5
   |
45 |     pub unsafe fn init_transit(transit: usize, slots: usize) -> &'static mut Self {
   |     ^^^^^^^^^^^^^^^^^^^^^^^^^^^^^^^^^^^^^^^^^^^^^^^^^^^^^^^^^^^^^^^^^^^^^^^^^^^^^
   = note: `#[warn(unsafe_op_in_unsafe_fn)]` (part of `#[warn(rust_2024_compatibility)]`) on by default

warning[E0133]: dereference of raw pointer is unsafe and requires unsafe block
  --> /code/new/tg-rcore-tutorial-kernel-context/src/foreign/multislot_portal.rs:54:24
   |
54 |         let ans = &mut *(transit as *mut Self);
   |                        ^^^^^^^^^^^^^^^^^^^^^^^ dereference of raw pointer
   |
   = note: for more information, see <https://doc.rust-lang.org/edition-guide/rust-2024/unsafe-op-in-unsafe-fn.html>
   = note: raw pointers may be null, dangling or unaligned; they can violate aliasing rules and cause data races: all of these are undefined behavior

warning[E0133]: dereference of raw pointer is unsafe and requires unsafe block
  --> /code/new/tg-rcore-tutorial-kernel-context/src/foreign/mod.rs:89:14
   |
89 |         &mut *((self.transit_address() + self.cache_offset(key.index())) as *mut _)
   |              ^^^^^^^^^^^^^^^^^^^^^^^^^^^^^^^^^^^^^^^^^^^^^^^^^^^^^^^^^^^^^^^^^^^^^^ dereference of raw pointer
   |
   = note: for more information, see <https://doc.rust-lang.org/edition-guide/rust-2024/unsafe-op-in-unsafe-fn.html>
   = note: raw pointers may be null, dangling or unaligned; they can violate aliasing rules and cause data races: all of these are undefined behavior
note: an unsafe function restricts its caller, but its body is safe by default
  --> /code/new/tg-rcore-tutorial-kernel-context/src/foreign/mod.rs:86:5
   |
86 |     unsafe fn transit_cache(&mut self, key: impl SlotKey) -> &mut PortalCache {
   |     ^^^^^^^^^^^^^^^^^^^^^^^^^^^^^^^^^^^^^^^^^^^^^^^^^^^^^^^^^^^^^^^^^^^^^^^^^

warning[E0133]: call to unsafe function `foreign::ForeignPortal::transit_entry` is unsafe and requires unsafe block
   --> /code/new/tg-rcore-tutorial-kernel-context/src/foreign/mod.rs:125:21
    |
125 |         let entry = portal.transit_entry();
    |                     ^^^^^^^^^^^^^^^^^^^^^^ call to unsafe function
    |
    = note: for more information, see <https://doc.rust-lang.org/edition-guide/rust-2024/unsafe-op-in-unsafe-fn.html>
    = note: consult the function's documentation for information on how to avoid undefined behavior
note: an unsafe function restricts its caller, but its body is safe by default
   --> /code/new/tg-rcore-tutorial-kernel-context/src/foreign/mod.rs:113:5
    |
113 |     pub unsafe fn execute(&mut self, portal: &mut impl ForeignPortal, key: impl SlotKey) -> usize {
    |     ^^^^^^^^^^^^^^^^^^^^^^^^^^^^^^^^^^^^^^^^^^^^^^^^^^^^^^^^^^^^^^^^^^^^^^^^^^^^^^^^^^^^^^^^^^^^^

warning[E0133]: call to unsafe function `foreign::ForeignPortal::transit_cache` is unsafe and requires unsafe block
   --> /code/new/tg-rcore-tutorial-kernel-context/src/foreign/mod.rs:126:21
    |
126 |         let cache = portal.transit_cache(key);
    |                     ^^^^^^^^^^^^^^^^^^^^^^^^^ call to unsafe function
    |
    = note: for more information, see <https://doc.rust-lang.org/edition-guide/rust-2024/unsafe-op-in-unsafe-fn.html>
    = note: consult the function's documentation for information on how to avoid undefined behavior

warning[E0133]: call to unsafe function `LocalContext::execute` is unsafe and requires unsafe block
   --> /code/new/tg-rcore-tutorial-kernel-context/src/foreign/mod.rs:138:23
    |
138 |         let sstatus = self.context.execute();
    |                       ^^^^^^^^^^^^^^^^^^^^^^ call to unsafe function
    |
    = note: for more information, see <https://doc.rust-lang.org/edition-guide/rust-2024/unsafe-op-in-unsafe-fn.html>
    = note: consult the function's documentation for information on how to avoid undefined behavior

warning[E0133]: call to unsafe function `core::ptr::mut_ptr::<impl *mut T>::copy_from_nonoverlapping` is unsafe and requires unsafe block
   --> /code/new/tg-rcore-tutorial-kernel-context/src/foreign/mod.rs:231:9
    |
231 |         (address as *mut u16).copy_from_nonoverlapping(self.0.as_ptr(), self.0.len());
    |         ^^^^^^^^^^^^^^^^^^^^^^^^^^^^^^^^^^^^^^^^^^^^^^^^^^^^^^^^^^^^^^^^^^^^^^^^^^^^^ call to unsafe function
    |
    = note: for more information, see <https://doc.rust-lang.org/edition-guide/rust-2024/unsafe-op-in-unsafe-fn.html>
    = note: consult the function's documentation for information on how to avoid undefined behavior
note: an unsafe function restricts its caller, but its body is safe by default
   --> /code/new/tg-rcore-tutorial-kernel-context/src/foreign/mod.rs:229:5
    |
229 |     pub unsafe fn copy_to(&self, address: usize) {
    |     ^^^^^^^^^^^^^^^^^^^^^^^^^^^^^^^^^^^^^^^^^^^^

warning[E0133]: use of inline assembly is unsafe and requires unsafe block
   --> /code/new/tg-rcore-tutorial-kernel-context/src/lib.rs:157:13
    |
157 | /             core::arch::asm!(
158 | |                 "   csrrw {old_ss}, sscratch, {ctx}
159 | |                     csrw  sepc    , {sepc}
160 | |                     csrw  sstatus , {sstatus}
...   |
174 | |                 execute_naked = sym execute_naked,
175 | |             );
    | |_____________^ use of inline assembly
    |
    = note: for more information, see <https://doc.rust-lang.org/edition-guide/rust-2024/unsafe-op-in-unsafe-fn.html>
    = note: inline assembly is entirely unchecked and can cause undefined behavior
note: an unsafe function restricts its caller, but its body is safe by default
   --> /code/new/tg-rcore-tutorial-kernel-context/src/lib.rs:146:5
    |
146 |     pub unsafe fn execute(&mut self) -> usize {
    |     ^^^^^^^^^^^^^^^^^^^^^^^^^^^^^^^^^^^^^^^^^

warning[E0133]: dereference of raw pointer is unsafe and requires unsafe block
   --> /code/new/tg-rcore-tutorial-kernel-context/src/lib.rs:178:13
    |
178 |             (*ctx_ptr).sepc = sepc;
    |             ^^^^^^^^^^ dereference of raw pointer
    |
    = note: for more information, see <https://doc.rust-lang.org/edition-guide/rust-2024/unsafe-op-in-unsafe-fn.html>
    = note: raw pointers may be null, dangling or unaligned; they can violate aliasing rules and cause data races: all of these are undefined behavior

   Compiling tg-rcore-tutorial-signal v0.4.8 (/code/new/tg-rcore-tutorial-signal)
   Compiling tg-rcore-tutorial-kernel-alloc v0.4.8 (/code/new/tg-rcore-tutorial-kernel-alloc)
   Compiling tg-rcore-tutorial-signal-impl v0.4.8 (/code/new/tg-rcore-tutorial-signal-impl)
   Compiling tg-rcore-tutorial-console v0.4.8 (/code/new/tg-rcore-tutorial-console)
warning[E0133]: call to unsafe function `customizable_buddy::BuddyAllocator::<N, O, B>::transfer` is unsafe and requires unsafe block
  --> /code/new/tg-rcore-tutorial-kernel-alloc/src/lib.rs:89:5
   |
89 |     heap_mut().transfer(ptr, region.len());
   |     ^^^^^^^^^^^^^^^^^^^^^^^^^^^^^^^^^^^^^^ call to unsafe function
   |
   = note: for more information, see <https://doc.rust-lang.org/edition-guide/rust-2024/unsafe-op-in-unsafe-fn.html>
   = note: consult the function's documentation for information on how to avoid undefined behavior
note: an unsafe function restricts its caller, but its body is safe by default
  --> /code/new/tg-rcore-tutorial-kernel-alloc/src/lib.rs:85:1
   |
85 | pub unsafe fn transfer(region: &'static mut [u8]) {
   | ^^^^^^^^^^^^^^^^^^^^^^^^^^^^^^^^^^^^^^^^^^^^^^^^^
   = note: `#[warn(unsafe_op_in_unsafe_fn)]` (part of `#[warn(rust_2024_compatibility)]`) on by default

warning[E0133]: call to unsafe function `customizable_buddy::BuddyAllocator::<N, O, B>::deallocate_layout` is unsafe and requires unsafe block
   --> /code/new/tg-rcore-tutorial-kernel-alloc/src/lib.rs:137:9
    |
137 |         heap_mut().deallocate_layout(NonNull::new(ptr).unwrap(), layout)
    |         ^^^^^^^^^^^^^^^^^^^^^^^^^^^^^^^^^^^^^^^^^^^^^^^^^^^^^^^^^^^^^^^^ call to unsafe function
    |
    = note: for more information, see <https://doc.rust-lang.org/edition-guide/rust-2024/unsafe-op-in-unsafe-fn.html>
    = note: consult the function's documentation for information on how to avoid undefined behavior
note: an unsafe function restricts its caller, but its body is safe by default
   --> /code/new/tg-rcore-tutorial-kernel-alloc/src/lib.rs:134:5
    |
134 |     unsafe fn dealloc(&self, ptr: *mut u8, layout: Layout) {
    |     ^^^^^^^^^^^^^^^^^^^^^^^^^^^^^^^^^^^^^^^^^^^^^^^^^^^^^^

   Compiling virtio-drivers v0.1.0
   Compiling tg-rcore-tutorial-sbi v0.4.8 (/code/new/tg-rcore-tutorial-sbi)
For more information about this error, try `rustc --explain E0133`.
   Compiling tg-rcore-tutorial-sync v0.4.8 (/code/new/tg-rcore-tutorial-sync)
warning: `tg-rcore-tutorial-kernel-context` (lib) generated 9 warnings (run `cargo fix --lib -p tg-rcore-tutorial-kernel-context` to apply 5 suggestions)
warning: `tg-rcore-tutorial-kernel-alloc` (lib) generated 2 warnings (run `cargo fix --lib -p tg-rcore-tutorial-kernel-alloc` to apply 2 suggestions)
   Compiling syn v2.0.117
   Compiling serde_derive v1.0.228
   Compiling toml_datetime v0.6.11
   Compiling serde_spanned v0.6.9
   Compiling toml_edit v0.22.27
   Compiling toml v0.8.23
   Compiling tg-rcore-tutorial-ch8 v0.4.8 (/code/new/tg-rcore-tutorial-ch8)
    Finished `dev` profile [unoptimized + debuginfo] target(s) in 1m 15s
